function: hello
keyword parameters: none
freturn: {result}
function: hello
keyword parameters: none
freturn: {result}
function: position_function
positinal parameters: [10, 20, 30, 'Python']
freturn: {result}
function: keyword_function
keyword parameters: none
freturn: {result}
function: hello
keyword parameters: none
freturn: {result}
function: position_function
positinal parameters: [10, 20, 30, 'Python']
freturn: {result}
function: keyword_function
keyword parameters: none
freturn: {result}
function: hello
keyword parameters: none
return: None
function: position_function
positinal parameters: [10, 20, 30, 'Python']
return: True
function: keyword_function
keyword parameters: none
return: <function logger_decorator at 0x000001AF460F3690>
function: hello
function: hello
function: hello
Keyword parameters: none
return: None
function: position_function
Keyword parameters: none
return: True
function: keyword_function
positional parameters: []
return: <function logger_decorator at 0x000001D049D93690>
function: hello
positinal parameters: none
keyword parameters: none
return: None
function: position_function
positional parameters: [10, 20, 30, 'Python']
keyword parameters: none
return: True
function: keyword_function
positinal parameters: none
keyword parameters: {'name': 'Bhagyashri', 'course': 'Python', 'assignment': 3}
return: <function logger_decorator at 0x000002D049153740>
function: hello
positinal parameters: none
keyword parameters: none
return: None
function: position_function
positional parameters: [10, 20, 30, 'Python']
keyword parameters: none
return: True
function: keyword_function
positinal parameters: none
keyword parameters: {'name': 'Bhagyashri', 'course': 'Python', 'assignment': 3}
return: <function logger_decorator at 0x0000025B10CF3740>
function: hello
positional parameters: none
keyword parameters: none
return: None
function: position_function
positional parameters: [10, 20, 30, 'Python']
keyword parameters: none
return: True
function: keyword_function
positional parameters: none
keyword parameters: {'name': 'Bhagyashri', 'course': 'Python', 'assignment': 3}
return: <function logger_decorator at 0x0000025AAA243740>
